Determining if the pthread_create exist failed with the following output:
Change Dir: /home/remus/Scrivania/teb-planner_ws/build/CMakeFiles/CMakeTmp

Run Build Command:"/usr/bin/make" "cmTC_4e5d6/fast"
/usr/bin/make -f CMakeFiles/cmTC_4e5d6.dir/build.make CMakeFiles/cmTC_4e5d6.dir/build
make[1]: ingresso nella directory "/home/remus/Scrivania/teb-planner_ws/build/CMakeFiles/CMakeTmp"
Building C object CMakeFiles/cmTC_4e5d6.dir/CheckSymbolExists.c.o
/usr/bin/cc     -o CMakeFiles/cmTC_4e5d6.dir/CheckSymbolExists.c.o   -c /home/remus/Scrivania/teb-planner_ws/build/CMakeFiles/CMakeTmp/CheckSymbolExists.c
Linking C executable cmTC_4e5d6
/usr/bin/cmake -E cmake_link_script CMakeFiles/cmTC_4e5d6.dir/link.txt --verbose=1
/usr/bin/cc       CMakeFiles/cmTC_4e5d6.dir/CheckSymbolExists.c.o  -o cmTC_4e5d6 -rdynamic 
CMakeFiles/cmTC_4e5d6.dir/CheckSymbolExists.c.o: nella funzione "main":
CheckSymbolExists.c:(.text+0x16): riferimento non definito a "pthread_create"
collect2: error: ld returned 1 exit status
CMakeFiles/cmTC_4e5d6.dir/build.make:97: set di istruzioni per l'obiettivo "cmTC_4e5d6" non riuscito
make[1]: *** [cmTC_4e5d6] Errore 1
make[1]: uscita dalla directory "/home/remus/Scrivania/teb-planner_ws/build/CMakeFiles/CMakeTmp"
Makefile:126: set di istruzioni per l'obiettivo "cmTC_4e5d6/fast" non riuscito
make: *** [cmTC_4e5d6/fast] Errore 2

File /home/remus/Scrivania/teb-planner_ws/build/CMakeFiles/CMakeTmp/CheckSymbolExists.c:
/* */
#include <pthread.h>

int main(int argc, char** argv)
{
  (void)argv;
#ifndef pthread_create
  return ((int*)(&pthread_create))[argc];
#else
  (void)argc;
  return 0;
#endif
}

Determining if the function pthread_create exists in the pthreads failed with the following output:
Change Dir: /home/remus/Scrivania/teb-planner_ws/build/CMakeFiles/CMakeTmp

Run Build Command:"/usr/bin/make" "cmTC_7b9af/fast"
/usr/bin/make -f CMakeFiles/cmTC_7b9af.dir/build.make CMakeFiles/cmTC_7b9af.dir/build
make[1]: ingresso nella directory "/home/remus/Scrivania/teb-planner_ws/build/CMakeFiles/CMakeTmp"
Building C object CMakeFiles/cmTC_7b9af.dir/CheckFunctionExists.c.o
/usr/bin/cc    -DCHECK_FUNCTION_EXISTS=pthread_create   -o CMakeFiles/cmTC_7b9af.dir/CheckFunctionExists.c.o   -c /usr/share/cmake-3.5/Modules/CheckFunctionExists.c
Linking C executable cmTC_7b9af
/usr/bin/cmake -E cmake_link_script CMakeFiles/cmTC_7b9af.dir/link.txt --verbose=1
/usr/bin/cc   -DCHECK_FUNCTION_EXISTS=pthread_create    CMakeFiles/cmTC_7b9af.dir/CheckFunctionExists.c.o  -o cmTC_7b9af -rdynamic -lpthreads 
/usr/bin/ld: impossibile trovare -lpthreads
collect2: error: ld returned 1 exit status
CMakeFiles/cmTC_7b9af.dir/build.make:97: set di istruzioni per l'obiettivo "cmTC_7b9af" non riuscito
make[1]: *** [cmTC_7b9af] Errore 1
make[1]: uscita dalla directory "/home/remus/Scrivania/teb-planner_ws/build/CMakeFiles/CMakeTmp"
Makefile:126: set di istruzioni per l'obiettivo "cmTC_7b9af/fast" non riuscito
make: *** [cmTC_7b9af/fast] Errore 2


